/usr/bin/ld: ocr1100Ctlr.ubuntu:(.data+0x0): multiple definition of `__dso_handle'; /usr/lib/gcc/x86_64-linux-gnu/9/32/crtbeginS.o:(.data.rel.local+0x0): first defined here
/usr/bin/ld: /tmp/cc9eFTKg.o: in function `main':
wrap.cc:(.text+0x19e8): multiple definition of `main'; ocr1100Ctlr.ubuntu:(.text+0x52c): first defined here
/usr/bin/ld: ocr1100Ctlr.ubuntu: in function `__CT_get_option':
(.text+0x10274): warning: the `gets' function is dangerous and should not be used.
/usr/bin/ld: ocr1100Ctlr.ubuntu: in function `std::_Tree<std::_Tmap_traits<std::string, std::string, std::less<std::string>, std::allocator<std::pair<std::string const, std::string> >, false> >::_Buynode(std::_Tree_nod<std::_Tmap_traits<std::string, std::string, std::less<std::string>, std::allocator<std::pair<std::string const, std::string> >, false> >::_Node*, std::_Tree_nod<std::_Tmap_traits<std::string, std::string, std::less<std::string>, std::allocator<std::pair<std::string const, std::string> >, false> >::_Node*, std::_Tree_nod<std::_Tmap_traits<std::string, std::string, std::less<std::string>, std::allocator<std::pair<std::string const, std::string> >, false> >::_Node*, std::pair<std::string const, std::string> const&, char)':
(.text+0x232213): undefined reference to `operator delete(void*, void*)'
/usr/bin/ld: ocr1100Ctlr.ubuntu: in function `std::ostream::flush()':
(.text+0x2364d8): undefined reference to `std::ios_base::clear(std::_Iosb<int>::_Iostate, bool)'
/usr/bin/ld: ocr1100Ctlr.ubuntu: in function `std::basic_ostream<char, std::char_traits<char> >& std::operator<< <std::char_traits<char> >(std::basic_ostream<char, std::char_traits<char> >&, char const*)':
(.text+0x236976): undefined reference to `std::ios_base::clear(std::_Iosb<int>::_Iostate, bool)'
/usr/bin/ld: (.text+0x236a29): undefined reference to `std::ios_base::clear(std::_Iosb<int>::_Iostate, bool)'
/usr/bin/ld: ocr1100Ctlr.ubuntu: in function `void std::_Construct<std::string, std::string>(std::string*, std::string const&)':
(.text+0x236b77): undefined reference to `operator delete(void*, void*)'
/usr/bin/ld: ocr1100Ctlr.ubuntu: in function `std::locale::id::operator unsigned int()':
(.text+0x2386fc): undefined reference to `std::locale::id::_Id_cnt'
/usr/bin/ld: (.text+0x238702): undefined reference to `std::locale::id::_Id_cnt'
/usr/bin/ld: ocr1100Ctlr.ubuntu: in function `std::num_put<char, std::ostreambuf_iterator<char, std::char_traits<char> > >::_Getcat(std::locale::facet const**, std::locale const*)':
(.text+0x2387a6): undefined reference to `std::_Locinfo::_Locinfo(std::string const&)'
/usr/bin/ld: (.text+0x2387ed): undefined reference to `std::_Locinfo::~_Locinfo()'
/usr/bin/ld: ocr1100Ctlr.ubuntu: in function `std::num_put<char, std::ostreambuf_iterator<char, std::char_traits<char> > > const& std::use_facet<std::num_put<char, std::ostreambuf_iterator<char, std::char_traits<char> > > >(std::locale const&)':
(.text+0x2388a2): undefined reference to `std::locale::_Getfacet(unsigned int) const'
/usr/bin/ld: (.text+0x23895a): undefined reference to `std::locale::facet::_Register()'
/usr/bin/ld: ocr1100Ctlr.ubuntu: in function `std::ostream::operator<<(int)':
(.text+0x238a9a): undefined reference to `std::ios_base::clear(std::_Iosb<int>::_Iostate, bool)'
/usr/bin/ld: (.text+0x238b08): undefined reference to `std::ios_base::clear(std::_Iosb<int>::_Iostate, bool)'
/usr/bin/ld: ocr1100Ctlr.ubuntu: in function `std::ostream::operator<<(float)':
(.text+0x238c59): undefined reference to `std::ios_base::clear(std::_Iosb<int>::_Iostate, bool)'
/usr/bin/ld: (.text+0x238cc7): undefined reference to `std::ios_base::clear(std::_Iosb<int>::_Iostate, bool)'
/usr/bin/ld: ocr1100Ctlr.ubuntu: in function `std::ctype<char>::_Getcat(std::locale::facet const**, std::locale const*)':
(.text+0x238de3): undefined reference to `std::_Locinfo::_Locinfo(std::string const&)'
/usr/bin/ld: (.text+0x238e2d): undefined reference to `std::_Locinfo::~_Locinfo()'
/usr/bin/ld: ocr1100Ctlr.ubuntu: in function `std::ctype<char> const& std::use_facet<std::ctype<char> >(std::locale const&)':
(.text+0x238eee): undefined reference to `std::locale::_Getfacet(unsigned int) const'
/usr/bin/ld: (.text+0x238fa6): undefined reference to `std::locale::facet::_Register()'
/usr/bin/ld: ocr1100Ctlr.ubuntu: in function `std::basic_ios<char, std::char_traits<char> >::init(std::basic_streambuf<char, std::char_traits<char> >*, bool)':
(.text+0x239078): undefined reference to `std::ios_base::_Init()'
/usr/bin/ld: (.text+0x2390ce): undefined reference to `std::ios_base::clear(std::_Iosb<int>::_Iostate, bool)'
/usr/bin/ld: (.text+0x2390e0): undefined reference to `std::ios_base::_Addstd()'
/usr/bin/ld: ocr1100Ctlr.ubuntu: in function `std::basic_ostream<char, std::char_traits<char> >& std::operator<< <char, std::char_traits<char>, std::allocator<char> >(std::basic_ostream<char, std::char_traits<char> >&, std::basic_string<char, std::char_traits<char>, std::allocator<char> > const&)':
(.text+0x239be6): undefined reference to `std::ios_base::clear(std::_Iosb<int>::_Iostate, bool)'
/usr/bin/ld: (.text+0x239c83): undefined reference to `std::ios_base::clear(std::_Iosb<int>::_Iostate, bool)'
/usr/bin/ld: ocr1100Ctlr.ubuntu: in function `std::ostream::put(char)':
(.text+0x23a782): undefined reference to `std::ios_base::clear(std::_Iosb<int>::_Iostate, bool)'
/usr/bin/ld: (.text+0x23a7ed): undefined reference to `std::ios_base::clear(std::_Iosb<int>::_Iostate, bool)'
/usr/bin/ld: ocr1100Ctlr.ubuntu: in function `std::basic_streambuf<char, std::char_traits<char> >::seekoff(long long, std::_Iosb<int>::_Seekdir, std::_Iosb<int>::_Openmode)':
(.text+0x23ab8b): undefined reference to `std::_Fpz'
/usr/bin/ld: ocr1100Ctlr.ubuntu: in function `std::basic_streambuf<char, std::char_traits<char> >::seekpos(std::fpos<mbstate_t>, std::_Iosb<int>::_Openmode)':
(.text+0x23ac13): undefined reference to `std::_Fpz'
/usr/bin/ld: ocr1100Ctlr.ubuntu: in function `std::basic_stringbuf<char, std::char_traits<char>, std::allocator<char> >::seekoff(long long, std::_Iosb<int>::_Seekdir, std::_Iosb<int>::_Openmode)':
(.text+0x23b2bd): undefined reference to `std::_Fpz'
/usr/bin/ld: ocr1100Ctlr.ubuntu: in function `std::basic_stringbuf<char, std::char_traits<char>, std::allocator<char> >::seekpos(std::fpos<mbstate_t>, std::_Iosb<int>::_Openmode)':
(.text+0x23b4a0): undefined reference to `std::_Fpz'
/usr/bin/ld: ocr1100Ctlr.ubuntu: in function `std::numpunct<char>::_Getcat(std::locale::facet const**, std::locale const*)':
(.text+0x23b816): undefined reference to `std::_Locinfo::_Locinfo(std::string const&)'
/usr/bin/ld: (.text+0x23b852): undefined reference to `std::_Locinfo::~_Locinfo()'
/usr/bin/ld: (.text+0x23b893): undefined reference to `std::_Locinfo::~_Locinfo()'
/usr/bin/ld: ocr1100Ctlr.ubuntu: in function `std::numpunct<char> const& std::use_facet<std::numpunct<char> >(std::locale const&)':
(.text+0x23b92a): undefined reference to `std::locale::_Getfacet(unsigned int) const'
/usr/bin/ld: (.text+0x23b9e2): undefined reference to `std::locale::facet::_Register()'
/usr/bin/ld: ocr1100Ctlr.ubuntu: in function `std::istream::_Ipfx(bool)':
(.text+0x242aca): undefined reference to `std::ios_base::clear(std::_Iosb<int>::_Iostate, bool)'
/usr/bin/ld: (.text+0x242b4c): undefined reference to `std::ios_base::clear(std::_Iosb<int>::_Iostate, bool)'
/usr/bin/ld: (.text+0x242bb1): undefined reference to `std::ios_base::clear(std::_Iosb<int>::_Iostate, bool)'
/usr/bin/ld: ocr1100Ctlr.ubuntu: in function `std::num_get<char, std::istreambuf_iterator<char, std::char_traits<char> > >::_Getcat(std::locale::facet const**, std::locale const*)':
(.text+0x242d46): undefined reference to `std::_Locinfo::_Locinfo(std::string const&)'
/usr/bin/ld: (.text+0x242d8d): undefined reference to `std::_Locinfo::~_Locinfo()'
/usr/bin/ld: ocr1100Ctlr.ubuntu: in function `std::num_get<char, std::istreambuf_iterator<char, std::char_traits<char> > > const& std::use_facet<std::num_get<char, std::istreambuf_iterator<char, std::char_traits<char> > > >(std::locale const&)':
(.text+0x242e42): undefined reference to `std::locale::_Getfacet(unsigned int) const'
/usr/bin/ld: (.text+0x242efa): undefined reference to `std::locale::facet::_Register()'
/usr/bin/ld: ocr1100Ctlr.ubuntu: in function `std::istream::operator>>(float&)':
(.text+0x24304e): undefined reference to `std::ios_base::clear(std::_Iosb<int>::_Iostate, bool)'
/usr/bin/ld: (.text+0x2430bc): undefined reference to `std::ios_base::clear(std::_Iosb<int>::_Iostate, bool)'
/usr/bin/ld: ocr1100Ctlr.ubuntu: in function `std::ostream::operator<<(unsigned long)':
(.text+0x243542): undefined reference to `std::ios_base::clear(std::_Iosb<int>::_Iostate, bool)'
/usr/bin/ld: (.text+0x2435b0): undefined reference to `std::ios_base::clear(std::_Iosb<int>::_Iostate, bool)'
/usr/bin/ld: ocr1100Ctlr.ubuntu: in function `std::codecvt<char, char, mbstate_t>::_Getcat(std::locale::facet const**, std::locale const*)':
(.text+0x243d53): undefined reference to `std::_Locinfo::_Locinfo(std::string const&)'
/usr/bin/ld: (.text+0x243d9d): undefined reference to `std::_Locinfo::~_Locinfo()'
/usr/bin/ld: ocr1100Ctlr.ubuntu: in function `std::codecvt<char, char, mbstate_t> const& std::use_facet<std::codecvt<char, char, mbstate_t> >(std::locale const&)':
(.text+0x243e5e): undefined reference to `std::locale::_Getfacet(unsigned int) const'
/usr/bin/ld: (.text+0x243f16): undefined reference to `std::locale::facet::_Register()'
/usr/bin/ld: ocr1100Ctlr.ubuntu: in function `std::basic_filebuf<char, std::char_traits<char> >::open(char const*, std::_Iosb<int>::_Openmode, int)':
(.text+0x243f98): undefined reference to `std::_Fiopen(char const*, std::_Iosb<int>::_Openmode, int)'
/usr/bin/ld: ocr1100Ctlr.ubuntu: in function `std::basic_ifstream<char, std::char_traits<char> >::basic_ifstream(char const*, std::_Iosb<int>::_Openmode, int)':
(.text+0x2440f8): undefined reference to `std::ios_base::clear(std::_Iosb<int>::_Iostate, bool)'
/usr/bin/ld: ocr1100Ctlr.ubuntu: in function `std::basic_filebuf<char, std::char_traits<char> >::seekoff(long long, std::_Iosb<int>::_Seekdir, std::_Iosb<int>::_Openmode)':
(.text+0x245102): undefined reference to `std::_Fpz'
/usr/bin/ld: ocr1100Ctlr.ubuntu: in function `std::basic_filebuf<char, std::char_traits<char> >::seekpos(std::fpos<mbstate_t>, std::_Iosb<int>::_Openmode)':
(.text+0x2452e5): undefined reference to `std::_Fpz'
/usr/bin/ld: ocr1100Ctlr.ubuntu: in function `std::ostream::write(char const*, int)':
(.text+0x251e8f): undefined reference to `std::ios_base::clear(std::_Iosb<int>::_Iostate, bool)'
/usr/bin/ld: (.text+0x251efa): undefined reference to `std::ios_base::clear(std::_Iosb<int>::_Iostate, bool)'
/usr/bin/ld: ocr1100Ctlr.ubuntu: in function `std::basic_ostream<wchar_t, std::char_traits<wchar_t> >::flush()':
(.text+0x251fcc): undefined reference to `std::ios_base::clear(std::_Iosb<int>::_Iostate, bool)'
/usr/bin/ld: ocr1100Ctlr.ubuntu: in function `std::basic_ostream<wchar_t, std::char_traits<wchar_t> >::write(wchar_t const*, int)':
(.text+0x2522b3): undefined reference to `std::ios_base::clear(std::_Iosb<int>::_Iostate, bool)'
/usr/bin/ld: (.text+0x25231e): undefined reference to `std::ios_base::clear(std::_Iosb<int>::_Iostate, bool)'
/usr/bin/ld: ocr1100Ctlr.ubuntu:(.text+0x25255c): more undefined references to `std::ios_base::clear(std::_Iosb<int>::_Iostate, bool)' follow
/usr/bin/ld: ocr1100Ctlr.ubuntu: in function `std::istream::tellg()':
(.text+0x25286f): undefined reference to `std::_Fpz'
/usr/bin/ld: ocr1100Ctlr.ubuntu: in function `std::ctype<wchar_t>::_Getcat(std::locale::facet const**, std::locale const*)':
(.text+0x252983): undefined reference to `std::_Locinfo::_Locinfo(std::string const&)'
/usr/bin/ld: (.text+0x2529cd): undefined reference to `std::_Locinfo::~_Locinfo()'
/usr/bin/ld: ocr1100Ctlr.ubuntu: in function `std::ctype<wchar_t> const& std::use_facet<std::ctype<wchar_t> >(std::locale const&)':
(.text+0x252a8e): undefined reference to `std::locale::_Getfacet(unsigned int) const'
/usr/bin/ld: (.text+0x252b46): undefined reference to `std::locale::facet::_Register()'
/usr/bin/ld: ocr1100Ctlr.ubuntu: in function `std::basic_istream<wchar_t, std::char_traits<wchar_t> >::_Ipfx(bool)':
(.text+0x252c6e): undefined reference to `std::ios_base::clear(std::_Iosb<int>::_Iostate, bool)'
/usr/bin/ld: (.text+0x252d01): undefined reference to `std::ios_base::clear(std::_Iosb<int>::_Iostate, bool)'
/usr/bin/ld: (.text+0x252d66): undefined reference to `std::ios_base::clear(std::_Iosb<int>::_Iostate, bool)'
/usr/bin/ld: ocr1100Ctlr.ubuntu: in function `std::basic_istream<wchar_t, std::char_traits<wchar_t> >::read(wchar_t*, int)':
(.text+0x252fa0): undefined reference to `std::ios_base::clear(std::_Iosb<int>::_Iostate, bool)'
/usr/bin/ld: (.text+0x253010): undefined reference to `std::ios_base::clear(std::_Iosb<int>::_Iostate, bool)'
/usr/bin/ld: ocr1100Ctlr.ubuntu:(.text+0x253149): more undefined references to `std::ios_base::clear(std::_Iosb<int>::_Iostate, bool)' follow
/usr/bin/ld: ocr1100Ctlr.ubuntu: in function `std::basic_istream<wchar_t, std::char_traits<wchar_t> >::tellg()':
(.text+0x2532b3): undefined reference to `std::_Fpz'
/usr/bin/ld: ocr1100Ctlr.ubuntu: in function `pugi::impl::(anonymous namespace)::xpath_parser::parse_primary_expression()':
(.text+0x25e157): undefined reference to `operator delete(void*, void*)'
/usr/bin/ld: (.text+0x25e179): undefined reference to `operator delete(void*, void*)'
/usr/bin/ld: (.text+0x25e19b): undefined reference to `operator delete(void*, void*)'
/usr/bin/ld: ocr1100Ctlr.ubuntu: in function `pugi::impl::(anonymous namespace)::xpath_parser::parse_step(pugi::impl::(anonymous namespace)::xpath_ast_node*)':
(.text+0x25eb75): undefined reference to `operator delete(void*, void*)'
/usr/bin/ld: ocr1100Ctlr.ubuntu: in function `pugi::impl::(anonymous namespace)::xpath_variable_node_set* pugi::impl::(anonymous namespace)::new_xpath_variable<pugi::impl::(anonymous namespace)::xpath_variable_node_set>(char const*)':
(.text+0x262b6e): undefined reference to `operator delete(void*, void*)'
collect2: error: ld returned 1 exit status
